mode: set
github.com/koopa0/booking-service/cmd/web/main.go:22.13,24.16 2 0
github.com/koopa0/booking-service/cmd/web/main.go:28.2,36.16 4 0
github.com/koopa0/booking-service/cmd/web/main.go:24.16,26.3 1 0
github.com/koopa0/booking-service/cmd/web/main.go:36.16,38.3 1 0
github.com/koopa0/booking-service/cmd/web/main.go:41.18,56.16 10 1
github.com/koopa0/booking-service/cmd/web/main.go:61.2,68.12 6 1
github.com/koopa0/booking-service/cmd/web/main.go:56.16,59.3 2 0
github.com/koopa0/booking-service/cmd/web/middleware.go:8.45,18.2 3 1
github.com/koopa0/booking-service/cmd/web/middleware.go:21.50,23.2 1 1
github.com/koopa0/booking-service/cmd/web/routes.go:11.49,36.2 18 1
